ProGuard, version 6.0.3
ProGuard is released under the GNU General Public License. You therefore
must ensure that programs that link to it (a, com.a4455jkjh.b, ...)
carry the GNU General Public License as well. Alternatively, you can
apply for an exception with the author of ProGuard.
Reading input...
Reading program directory [/storage/emulated/0/AppGames/NMod-Examples/template/bin/classesrelease_proguard]
Reading library jar [/data/data/com.aide.ui/no_backup/.aide/android.jar]
Initializing...
Note: the configuration refers to the unknown class 'com.google.vending.licensing.ILicensingService'
Note: the configuration refers to the unknown class 'com.android.vending.licensing.ILicensingService'
Note: the configuration refers to the unknown class 'android.support.annotation.Keep'
Note: the configuration refers to the unknown class 'android.support.annotation.Keep'
Note: the configuration refers to the unknown class 'android.support.annotation.Keep'
Note: the configuration refers to the unknown class 'android.support.annotation.Keep'
Note: the configuration refers to the unknown class 'android.support.annotation.Keep'
Note: there were 7 references to unknown classes.
      You should check your configuration for typos.
      (http://proguard.sourceforge.net/manual/troubleshooting.html#unknownclass)
Ignoring unused library classes...
  Original number of library classes: 4201
  Final number of library classes:    129
Printing kept classes, fields, and methods...
Shrinking...
Printing usage to [/storage/emulated/0/AppGames/NMod-Examples/template/bin/proguard.usage.txt]...
Removing unused program classes and class elements...
  Original number of program classes: 7
  Final number of program classes:    0
